═══ Log started: 2026-04-10T12:31:08-07:00 ═══
═══ Command: ./pre-orch.sh uninstall ═══

👉 Uninstalling K3s...
+ id -u
+ [ 0 -eq 0 ]
+ K3S_DATA_DIR=/var/lib/rancher/k3s
+ /usr/local/bin/k3s-killall.sh
+ [ -s /etc/systemd/system/k3s.service ]
+ basename /etc/systemd/system/k3s.service
+ systemctl stop k3s.service
Warning: The unit file, source configuration file or drop-ins of k3s.service changed on disk. Run 'systemctl daemon-reload' to reload units.
+ [ -x /etc/init.d/k3s* ]
+ killtree 2438 2965 3326 3744 3767 3803 4142 5988 7770 7868 7928 8020 8933 11715 12651 13030 13104 13297 13360 14052 14215 14217 14310 14371 14382 14528 14581 14807 15022 17311 17489 19063 19645 20316 20385 21026 21266 21649 21883 21935 21985 22019 22037 22100 22109 22189 22197 22225 22274 22276 22323 22443 22457 22486 22505 22758 22796 23070 24002
+ kill -9 2438 2552 4630 2965 3249 4884 3326 3864 21854 3744 4075 6972 3767 3940 7020 3803 3982 6982 4142 4610 8244 5988 6247 13953 7770 7843 17834 7868 7953 13872 7928 7978 18105 8020 8082 22797 8933 11715 11922 12723 12873 12651 12740 13073 13879 13030 13133 14272 13104 13247 32484 13297 13546 36402 13360 13603 15462 14052 14209 37526 14215 14385 19694 36589 14217 14348 20147 14310 14409 19339 14371 14832 41604 14382 14690 41431 14528 14731 20140 14581 14909 14807 15011 20780 20975 20985 21206 21224 21207 21208 26569 27964 21209 21347 15022 15464 37200 17311 17350 38516 17489 17570 37192 19063 19200 23412 23443 23444 23452 23461 23453 23454 27163 27239 23455 23517 19645 19686 20316 20345 37089 20385 20416 36582 21026 21060 38083 21266 21312 24078 21649 21680 36750 21883 21918 27550 27960 28052 28054 28058 28102 28103 28104 28105 31142 32256 32259 32260 32261 32262 32286 36218 21935 21977 21985 22082 25251 22019 22124 22037 22123 22100 22272 24296 22109 22253 25062 22189 22365 26411 22197 22576 25938 22225 22395 26461 26792 26793 26794 26795 26796 26797 26798 26799 26800 26801 26802 26803 26804 26805 26806 26807 22274 22403 25148 27134 22276 22584 22323 22579 31972 32072 22443 22605 37993 22457 22813 26214 22486 22640 26298 22505 22623 27498 22758 22866 38371 22796 22897 30915 30946 30947 23070 23105 24002 24033 27053 27073 42989
+ do_unmount_and_remove /run/k3s
+ set +x
sh -c 'umount -f "$0" && rm -rf "$0"' /run/k3s/containerd/io.containerd.runtime.v2.task/k8s.io/feb6b4c96da3184a9d254a237212772114a2e98b232be2deaeb903a5eac519bc/rootfs
sh -c 'umount -f "$0" && rm -rf "$0"' /run/k3s/containerd/io.containerd.runtime.v2.task/k8s.io/fc1574d5dec25927458f1beaeb785c2cb8ed0025267db2d9f3c961fb23a4081e/rootfs
sh -c 'umount -f "$0" && rm -rf "$0"' /run/k3s/containerd/io.containerd.runtime.v2.task/k8s.io/f97f8820eec24be0d5e1530f5c81546deaca72445e29e4e5af2688f8b83a89e9/rootfs
sh -c 'umount -f "$0" && rm -rf "$0"' /run/k3s/containerd/io.containerd.runtime.v2.task/k8s.io/f85dc6a6ab816236cab74250e626d60fa9d03d32620853a8d6e2e88d14f45e23/rootfs
sh -c 'umount -f "$0" && rm -rf "$0"' /run/k3s/containerd/io.containerd.runtime.v2.task/k8s.io/f5df91e8245b34fcea2121ba46de8058d1c50780e9e261ada78538babf3daf52/rootfs
sh -c 'umount -f "$0" && rm -rf "$0"' /run/k3s/containerd/io.containerd.runtime.v2.task/k8s.io/f5860d393496f995791d17980f6dd18875697175eaa781cbd87b8bab26ec7ebf/rootfs
sh -c 'umount -f "$0" && rm -rf "$0"' /run/k3s/containerd/io.containerd.runtime.v2.task/k8s.io/f493bf46e6e2d020e414944c32f84de4cb255e564ac28802295aaaa58c2c86b4/rootfs
sh -c 'umount -f "$0" && rm -rf "$0"' /run/k3s/containerd/io.containerd.runtime.v2.task/k8s.io/e7b5554245835a604bbe938ad7052d70a87668b723e7dd56c89e442b4707817f/rootfs
sh -c 'umount -f "$0" && rm -rf "$0"' /run/k3s/containerd/io.containerd.runtime.v2.task/k8s.io/e6590b7d76d86ccc0fcf2a4485b4154a1c85f23110c914757e023c5f39db7ed7/rootfs
sh -c 'umount -f "$0" && rm -rf "$0"' /run/k3s/containerd/io.containerd.runtime.v2.task/k8s.io/e4f2456c45192bceefe017598e325bfb34678ddf0165de9a85771b7a49f82aa0/rootfs
sh -c 'umount -f "$0" && rm -rf "$0"' /run/k3s/containerd/io.containerd.runtime.v2.task/k8s.io/dd4b1933c2ba4c93022808aadf59e063b78c90b0d60e3b00e08c23748307ed20/rootfs
sh -c 'umount -f "$0" && rm -rf "$0"' /run/k3s/containerd/io.containerd.runtime.v2.task/k8s.io/dc5ea71e742e1df9c01fb7f00646ef1c8472b9f986bb323af3de7e99fd381bd0/rootfs
sh -c 'umount -f "$0" && rm -rf "$0"' /run/k3s/containerd/io.containerd.runtime.v2.task/k8s.io/d88c80d4f86b66c89f41f5ab1de2294b531d9e60ba39727978c1b05820d4a688/rootfs
sh -c 'umount -f "$0" && rm -rf "$0"' /run/k3s/containerd/io.containerd.runtime.v2.task/k8s.io/d856a0dd3b43780f96e3dcafc5b208a94e22eb273891f73fde093b05c989f95e/rootfs
sh -c 'umount -f "$0" && rm -rf "$0"' /run/k3s/containerd/io.containerd.runtime.v2.task/k8s.io/d61d01017ba9cef052bb7b6ef83c844ae20d104b79385bb0b0ac6faa4a2cd5cd/rootfs
sh -c 'umount -f "$0" && rm -rf "$0"' /run/k3s/containerd/io.containerd.runtime.v2.task/k8s.io/d24e89f812962bbf01a5e172ddc5eb2281d6c775579a0713b0f4c3618683561a/rootfs
sh -c 'umount -f "$0" && rm -rf "$0"' /run/k3s/containerd/io.containerd.runtime.v2.task/k8s.io/cfeb33e2464e63ddc52c7e1ca474c115873b8efa23c583ddec8216d200209c20/rootfs
sh -c 'umount -f "$0" && rm -rf "$0"' /run/k3s/containerd/io.containerd.runtime.v2.task/k8s.io/ceac857f572ef8f0ed45861e53ee5ff6479055dfa6d65a8c1eb472ac87e46ef5/rootfs
sh -c 'umount -f "$0" && rm -rf "$0"' /run/k3s/containerd/io.containerd.runtime.v2.task/k8s.io/cdb52892984e510b67b616f86fa8b16c1c89da4d69277bab60b372259fdf82c1/rootfs
sh -c 'umount -f "$0" && rm -rf "$0"' /run/k3s/containerd/io.containerd.runtime.v2.task/k8s.io/ccf91f4fbc010a5bda5800d12d04414727a93178e3b1da6ffc7bf38e895d92ed/rootfs
sh -c 'umount -f "$0" && rm -rf "$0"' /run/k3s/containerd/io.containerd.runtime.v2.task/k8s.io/cabfd3df7bbb049c93f7a031d776e647cab3596af20a3a8cb77cf6573dbf6f0a/rootfs
sh -c 'umount -f "$0" && rm -rf "$0"' /run/k3s/containerd/io.containerd.runtime.v2.task/k8s.io/ca45fa040825325257339fe066216fee5c4939977b944a1fdaeae758f43babc0/rootfs
sh -c 'umount -f "$0" && rm -rf "$0"' /run/k3s/containerd/io.containerd.runtime.v2.task/k8s.io/c96a67cad3aaa1d96b3c7f715f4694e16bcaa99e90ebd46259fcec16ba90d656/rootfs
sh -c 'umount -f "$0" && rm -rf "$0"' /run/k3s/containerd/io.containerd.runtime.v2.task/k8s.io/c931ca1b98e957400fbaca95d5836f1802f137e8272df40c87e1cdf8ba2de08c/rootfs
sh -c 'umount -f "$0" && rm -rf "$0"' /run/k3s/containerd/io.containerd.runtime.v2.task/k8s.io/c775a470e23a2aa6309b8691452453090cc80434aa85a19d1345d1eea65bd3c4/rootfs
sh -c 'umount -f "$0" && rm -rf "$0"' /run/k3s/containerd/io.containerd.runtime.v2.task/k8s.io/c1b1df26205670442d48bfcbb140f10892e7bb3e157a1565ceff0f7d1032fe85/rootfs
sh -c 'umount -f "$0" && rm -rf "$0"' /run/k3s/containerd/io.containerd.runtime.v2.task/k8s.io/bfceb02f33074939620c9d05da7c9fc40f7f8484e28337a42974c66688b308b0/rootfs
sh -c 'umount -f "$0" && rm -rf "$0"' /run/k3s/containerd/io.containerd.runtime.v2.task/k8s.io/be1eadcb6b0ba2be4fa949e6aa07b59e7f267fced38036637848edfd827fb442/rootfs
sh -c 'umount -f "$0" && rm -rf "$0"' /run/k3s/containerd/io.containerd.runtime.v2.task/k8s.io/bd0abeed608fe51cbb1886c9c10c0bcf4455dd5f7a1ed848a40b92bbf411767e/rootfs
sh -c 'umount -f "$0" && rm -rf "$0"' /run/k3s/containerd/io.containerd.runtime.v2.task/k8s.io/bc81821012e4156ba52dc02ab39aa46677003d6958e957b847d575fbd7a143a8/rootfs
sh -c 'umount -f "$0" && rm -rf "$0"' /run/k3s/containerd/io.containerd.runtime.v2.task/k8s.io/bc60ad36b6733279b5d7da0bb7477ebae995e19c307e02756754b980394cc484/rootfs
sh -c 'umount -f "$0" && rm -rf "$0"' /run/k3s/containerd/io.containerd.runtime.v2.task/k8s.io/b5af3ca4281b5d887ccff73fc94d83026ecf65d546316766c107641563231e1b/rootfs
sh -c 'umount -f "$0" && rm -rf "$0"' /run/k3s/containerd/io.containerd.runtime.v2.task/k8s.io/b49ccad5137988057bc2eff12a57aba2741d9a099a60edea23b63125edad2bde/rootfs
sh -c 'umount -f "$0" && rm -rf "$0"' /run/k3s/containerd/io.containerd.runtime.v2.task/k8s.io/b3bbb163e16eafdf4df28ecce9ad7929bce399e34b86cabbe43e56c7d2aa35ab/rootfs
sh -c 'umount -f "$0" && rm -rf "$0"' /run/k3s/containerd/io.containerd.runtime.v2.task/k8s.io/b3a3f7be67f577d82711457eedefc2814a3f52447a9daa7536643924134f3b2a/rootfs
sh -c 'umount -f "$0" && rm -rf "$0"' /run/k3s/containerd/io.containerd.runtime.v2.task/k8s.io/b1fbdad350baa7c12b582b5ac50a045f44210d2fa7fccf3a63589b5b76d63170/rootfs
sh -c 'umount -f "$0" && rm -rf "$0"' /run/k3s/containerd/io.containerd.runtime.v2.task/k8s.io/b17b3644e3a49eaeac24a60d8a112a3adc3a752dc2c50f606c4c1ef904f570cb/rootfs
sh -c 'umount -f "$0" && rm -rf "$0"' /run/k3s/containerd/io.containerd.runtime.v2.task/k8s.io/b15c2843fe70a4dd5d6d722aa76da97c737cb9577f794bdad9ae36b36f662333/rootfs
sh -c 'umount -f "$0" && rm -rf "$0"' /run/k3s/containerd/io.containerd.runtime.v2.task/k8s.io/acea77c21ca13c2ec703f8620450573c244ff73686ff6ce123656fdcae1fd68f/rootfs
sh -c 'umount -f "$0" && rm -rf "$0"' /run/k3s/containerd/io.containerd.runtime.v2.task/k8s.io/ac381786c899924e8f19627b8c387cfcf35adb237291fb07a80c7f5e1caa4293/rootfs
sh -c 'umount -f "$0" && rm -rf "$0"' /run/k3s/containerd/io.containerd.runtime.v2.task/k8s.io/a9ae1d41bfebb3064ee9192ce9c78ed5bf6c45a3ca63abe74855dd26748c7833/rootfs
sh -c 'umount -f "$0" && rm -rf "$0"' /run/k3s/containerd/io.containerd.runtime.v2.task/k8s.io/a60650adad4b9c3734e88c84d7e6008648ad5d5f2f6d6e45ca304fdc162c73f4/rootfs
sh -c 'umount -f "$0" && rm -rf "$0"' /run/k3s/containerd/io.containerd.runtime.v2.task/k8s.io/a423a7e60b9c1088fdf1e03f11d708b7b89dad827f80d330144795085750e155/rootfs
sh -c 'umount -f "$0" && rm -rf "$0"' /run/k3s/containerd/io.containerd.runtime.v2.task/k8s.io/a2b71b2bb582f7158610b8b0c9cd57b5ce433de3c3c544ffd68ec8f0a4114edf/rootfs
sh -c 'umount -f "$0" && rm -rf "$0"' /run/k3s/containerd/io.containerd.runtime.v2.task/k8s.io/a1d079adcdcbf5cf7369a49528e3c83d76197320be38da9c751abc9e429022ad/rootfs
sh -c 'umount -f "$0" && rm -rf "$0"' /run/k3s/containerd/io.containerd.runtime.v2.task/k8s.io/a0b8b551186edcfa2ba75159c7226e36c912a990d6e45736217e03ec6c0ae92e/rootfs
sh -c 'umount -f "$0" && rm -rf "$0"' /run/k3s/containerd/io.containerd.runtime.v2.task/k8s.io/9d011153d406ad1e08ca9ff7b608881aec388cc292cb5e5786e50a7bd827fe26/rootfs
sh -c 'umount -f "$0" && rm -rf "$0"' /run/k3s/containerd/io.containerd.runtime.v2.task/k8s.io/9a22322a03efd8025f75b8a838e4598ada54b34e585c1546cf892d0b4ab94f48/rootfs
sh -c 'umount -f "$0" && rm -rf "$0"' /run/k3s/containerd/io.containerd.runtime.v2.task/k8s.io/99b9f44ea60f8f4f0246ba39e964769cbf5b1847b728de15ca0a7fc21414d1bb/rootfs
sh -c 'umount -f "$0" && rm -rf "$0"' /run/k3s/containerd/io.containerd.runtime.v2.task/k8s.io/991258633b714b428f892b92d56cd2ce4bec6a87a17407acd896786c654d396c/rootfs
sh -c 'umount -f "$0" && rm -rf "$0"' /run/k3s/containerd/io.containerd.runtime.v2.task/k8s.io/98cafa4e940ae6660f4fe01a9ed54274a3964afe3669669ac3b97f3d5f3be321/rootfs
sh -c 'umount -f "$0" && rm -rf "$0"' /run/k3s/containerd/io.containerd.runtime.v2.task/k8s.io/9846e2fdfa8c73693e49b453fdbae6e2e81986a8fa26e91879ecbb04b801df5e/rootfs
sh -c 'umount -f "$0" && rm -rf "$0"' /run/k3s/containerd/io.containerd.runtime.v2.task/k8s.io/97fc45f8de874018a0126d48f333ee9519b8c3103a86d555d4def2161207eccf/rootfs
sh -c 'umount -f "$0" && rm -rf "$0"' /run/k3s/containerd/io.containerd.runtime.v2.task/k8s.io/978657a5b1f6d85aad884338bd5c36716bbcbfe94901031ac5a3a50f1c737d17/rootfs
sh -c 'umount -f "$0" && rm -rf "$0"' /run/k3s/containerd/io.containerd.runtime.v2.task/k8s.io/962c532124ca98429d1dd8c93409ae4916af926ec93057f63b0fd3a43434b265/rootfs
sh -c 'umount -f "$0" && rm -rf "$0"' /run/k3s/containerd/io.containerd.runtime.v2.task/k8s.io/942b6c8e5cae14605114b6b340233131577059c107b6cd50a0c31f5f4fe85f2e/rootfs
sh -c 'umount -f "$0" && rm -rf "$0"' /run/k3s/containerd/io.containerd.runtime.v2.task/k8s.io/92d2cd1cc46117be0bbae4ce7c62c178be3f6e2933dadbf6a98c3b763b67124b/rootfs
sh -c 'umount -f "$0" && rm -rf "$0"' /run/k3s/containerd/io.containerd.runtime.v2.task/k8s.io/8e4c2aa5d2c36f90bcdedf9ec817336e8c580474a20b84c15f26efea1e91d6e1/rootfs
sh -c 'umount -f "$0" && rm -rf "$0"' /run/k3s/containerd/io.containerd.runtime.v2.task/k8s.io/8cd3b20febc399d690f2be33cdc074459f087b1acc1aafe16d9a3e1a22648467/rootfs
sh -c 'umount -f "$0" && rm -rf "$0"' /run/k3s/containerd/io.containerd.runtime.v2.task/k8s.io/8bd9c50af56521b4c40a0301d8af4df34330be918ded6cf625d9db5aca8594e8/rootfs
sh -c 'umount -f "$0" && rm -rf "$0"' /run/k3s/containerd/io.containerd.runtime.v2.task/k8s.io/81e770e1c1665cf8629bd1bb9195445f235fb2485b24c51a4c1b675ae7632f9f/rootfs
sh -c 'umount -f "$0" && rm -rf "$0"' /run/k3s/containerd/io.containerd.runtime.v2.task/k8s.io/7fe8d3dc46f627b45f98133437ebde629be048cced810efca620b40c3d2d481f/rootfs
sh -c 'umount -f "$0" && rm -rf "$0"' /run/k3s/containerd/io.containerd.runtime.v2.task/k8s.io/78b9073f6562040b0e95254ad9e929a263d8e27a10dbd63cb2eb6ae8310cad39/rootfs
sh -c 'umount -f "$0" && rm -rf "$0"' /run/k3s/containerd/io.containerd.runtime.v2.task/k8s.io/78ac05d8c1274a26c37f5062fa79aacf17c74aff40868b41f7079e827987980c/rootfs
sh -c 'umount -f "$0" && rm -rf "$0"' /run/k3s/containerd/io.containerd.runtime.v2.task/k8s.io/74d3b272754777c7aa32d87dd026d2635c1ca3e5ea9617a42be0168c7cbc388f/rootfs
sh -c 'umount -f "$0" && rm -rf "$0"' /run/k3s/containerd/io.containerd.runtime.v2.task/k8s.io/71997e08747e125ab9edb968a15ae23c203697a13c45e166d91227043a812eda/rootfs
sh -c 'umount -f "$0" && rm -rf "$0"' /run/k3s/containerd/io.containerd.runtime.v2.task/k8s.io/7144c3a5c19e6b003b87b58e62850a350faff78b1d0d17a28dae6d80d4305945/rootfs
sh -c 'umount -f "$0" && rm -rf "$0"' /run/k3s/containerd/io.containerd.runtime.v2.task/k8s.io/6fc57e48d436445378c8a36e7896916d727bb258b620bc824344a408efb6c13f/rootfs
sh -c 'umount -f "$0" && rm -rf "$0"' /run/k3s/containerd/io.containerd.runtime.v2.task/k8s.io/6dccf0b4d484f20f0031d23c2d38b1f81a703a99fb5af03f00907a9e53f60b0a/rootfs
sh -c 'umount -f "$0" && rm -rf "$0"' /run/k3s/containerd/io.containerd.runtime.v2.task/k8s.io/66f3d42f4d30aa04616d1101f8f8b3fbead8c39f9a677ea06b41f648848da0e9/rootfs
sh -c 'umount -f "$0" && rm -rf "$0"' /run/k3s/containerd/io.containerd.runtime.v2.task/k8s.io/66ebf2b433fb9d06df99b9a30f770cd87139fd32cc200c4238dd3e40d32c2c90/rootfs
sh -c 'umount -f "$0" && rm -rf "$0"' /run/k3s/containerd/io.containerd.runtime.v2.task/k8s.io/6627657e220ddd0cda8aae52ebb84b559043b5157315cd0fd429fb9d03624228/rootfs
sh -c 'umount -f "$0" && rm -rf "$0"' /run/k3s/containerd/io.containerd.runtime.v2.task/k8s.io/64bffa50105b5b9559771da5a130c2b6089f0b527c5d9bac9481be89f0c67f4b/rootfs
sh -c 'umount -f "$0" && rm -rf "$0"' /run/k3s/containerd/io.containerd.runtime.v2.task/k8s.io/623ea9078f3cd77f06d197809660114aff6b40c063b1f78a59bacbeb85e5f667/rootfs
sh -c 'umount -f "$0" && rm -rf "$0"' /run/k3s/containerd/io.containerd.runtime.v2.task/k8s.io/60a27cca7267ff740caac998a6553bc8e79cc22aa5541f4ac3b821c9329f7378/rootfs
sh -c 'umount -f "$0" && rm -rf "$0"' /run/k3s/containerd/io.containerd.runtime.v2.task/k8s.io/5dbac4c0162fc6bdda44c1dd1b518dfb0be3c286ccf27b703a3434b395aecb42/rootfs
sh -c 'umount -f "$0" && rm -rf "$0"' /run/k3s/containerd/io.containerd.runtime.v2.task/k8s.io/5d21d39065a4a454a2ffe188c35883cdace9f0d892f9dd5c6b11d41ef28e7f8e/rootfs
sh -c 'umount -f "$0" && rm -rf "$0"' /run/k3s/containerd/io.containerd.runtime.v2.task/k8s.io/578e1f636492e0b76444c3d7f7272567ce1e81b5df6163dfb59dc9f0c8e2cee7/rootfs
sh -c 'umount -f "$0" && rm -rf "$0"' /run/k3s/containerd/io.containerd.runtime.v2.task/k8s.io/5642aadddd0c3c1fce3bf6580bf88f88dc6ab8df6a651412acc8f5bd0dfa7dd3/rootfs
sh -c 'umount -f "$0" && rm -rf "$0"' /run/k3s/containerd/io.containerd.runtime.v2.task/k8s.io/54d76131a7bdd39d3043e0cb764a160144cfa2b8f5b455cc131eb1600d2d9b94/rootfs
sh -c 'umount -f "$0" && rm -rf "$0"' /run/k3s/containerd/io.containerd.runtime.v2.task/k8s.io/51ba9c0f7efe71b9c6dbd8462fde218b2d524fbe2817151fe9c2d27508ace531/rootfs
sh -c 'umount -f "$0" && rm -rf "$0"' /run/k3s/containerd/io.containerd.runtime.v2.task/k8s.io/516e9eac9c9435e4fbd26f692c5c1e86b2e2eb38620657eebeb46f3cf75139b8/rootfs
sh -c 'umount -f "$0" && rm -rf "$0"' /run/k3s/containerd/io.containerd.runtime.v2.task/k8s.io/4cf900cd7ed799a4945b2d7365e13e35bbb3c21c25e1ad7c8e4b2bab76630a35/rootfs
sh -c 'umount -f "$0" && rm -rf "$0"' /run/k3s/containerd/io.containerd.runtime.v2.task/k8s.io/4b5039bdf17be8605520c78e0a9308c8fda365d3e27db960715f92310eaf04b8/rootfs
sh -c 'umount -f "$0" && rm -rf "$0"' /run/k3s/containerd/io.containerd.runtime.v2.task/k8s.io/4a5d7e400083c745a45d3cb37e522e22ebf2ee65e226cae4362b57709652212f/rootfs
sh -c 'umount -f "$0" && rm -rf "$0"' /run/k3s/containerd/io.containerd.runtime.v2.task/k8s.io/48e899c0ca259ae41281bcc4b063434636f6fdc06589422a09d2df0a5d944d4b/rootfs
sh -c 'umount -f "$0" && rm -rf "$0"' /run/k3s/containerd/io.containerd.runtime.v2.task/k8s.io/467d2786a59be382856bd16a21aa82f8411aa0705e2bf048a407ff10539075f7/rootfs
sh -c 'umount -f "$0" && rm -rf "$0"' /run/k3s/containerd/io.containerd.runtime.v2.task/k8s.io/4659b10a500320b2ee672bd19becbb4a8e3260b7908ba45bfa360a4a0cf91359/rootfs
sh -c 'umount -f "$0" && rm -rf "$0"' /run/k3s/containerd/io.containerd.runtime.v2.task/k8s.io/4332559200d4a055e02fba1728691f8c57d72840dc32bb1639eda866ab556e89/rootfs
sh -c 'umount -f "$0" && rm -rf "$0"' /run/k3s/containerd/io.containerd.runtime.v2.task/k8s.io/4262e8529230a021abe6cb32f47d59080fa28e6a772be58ee1c52becdfd90ca3/rootfs
sh -c 'umount -f "$0" && rm -rf "$0"' /run/k3s/containerd/io.containerd.runtime.v2.task/k8s.io/4249143636cade639f67f685f5b0c28bcf511b6bc5a80144eadba07132f8fadb/rootfs
sh -c 'umount -f "$0" && rm -rf "$0"' /run/k3s/containerd/io.containerd.runtime.v2.task/k8s.io/3c80752006596cd8a938778dae9085745e9244e613fbd04e9b053c7da06f1d28/rootfs
sh -c 'umount -f "$0" && rm -rf "$0"' /run/k3s/containerd/io.containerd.runtime.v2.task/k8s.io/3ba0caa2297e72fd6ec498dc37f5f6f3f7572b769a6cc106ded32acfed02434f/rootfs
sh -c 'umount -f "$0" && rm -rf "$0"' /run/k3s/containerd/io.containerd.runtime.v2.task/k8s.io/35e0eef03357cd74117307fc47ff85c478f3c6c5388f6991d8f3fe14cfbbd021/rootfs
sh -c 'umount -f "$0" && rm -rf "$0"' /run/k3s/containerd/io.containerd.runtime.v2.task/k8s.io/3100ab23890994d340916ee4a189b3bfa1a30c51abaf68b7d0fcadc25091a48f/rootfs
sh -c 'umount -f "$0" && rm -rf "$0"' /run/k3s/containerd/io.containerd.runtime.v2.task/k8s.io/30d18e45cf6163295b031b073ceb0bed225e9de52dd696c11690b00af7a54546/rootfs
sh -c 'umount -f "$0" && rm -rf "$0"' /run/k3s/containerd/io.containerd.runtime.v2.task/k8s.io/2c7acaa00cccd8de794ed6608c50a92456b771c6f6b6f2a7aec83a7f1205644a/rootfs
sh -c 'umount -f "$0" && rm -rf "$0"' /run/k3s/containerd/io.containerd.runtime.v2.task/k8s.io/2aec5ae1159af264a16341712848f02ad7553e3591dbfc315ec5a721aa78b696/rootfs
sh -c 'umount -f "$0" && rm -rf "$0"' /run/k3s/containerd/io.containerd.runtime.v2.task/k8s.io/2a971ab99e8ad150b1f6ff17890addcf1b5b3f07ee330fc1ef959cb31de9c2ca/rootfs
sh -c 'umount -f "$0" && rm -rf "$0"' /run/k3s/containerd/io.containerd.runtime.v2.task/k8s.io/25d1725252e8498b24291afd666f269ed69a2bdfc3390d4d9d830da3f20831bc/rootfs
sh -c 'umount -f "$0" && rm -rf "$0"' /run/k3s/containerd/io.containerd.runtime.v2.task/k8s.io/25d145d0af9887f6c66cd044d875c3c41118bccdd92b107fe9b4e95e0e85e6af/rootfs
sh -c 'umount -f "$0" && rm -rf "$0"' /run/k3s/containerd/io.containerd.runtime.v2.task/k8s.io/208d24058a273ad961a69f0bdb3a325177a6c1742fb6312246fe1e7bda907a3c/rootfs
sh -c 'umount -f "$0" && rm -rf "$0"' /run/k3s/containerd/io.containerd.runtime.v2.task/k8s.io/1f11b02978bf44af94be04ad3437d407ccb118cc25fdaa8fcb992c701559768c/rootfs
sh -c 'umount -f "$0" && rm -rf "$0"' /run/k3s/containerd/io.containerd.runtime.v2.task/k8s.io/1ec1d0675ca3299d3d1fb4628898cb551ac071cdae36c3fe8eb979a82e402709/rootfs
sh -c 'umount -f "$0" && rm -rf "$0"' /run/k3s/containerd/io.containerd.runtime.v2.task/k8s.io/1d0f7b94ebcadf7306ff81c2fd6ebd10f0e674745bb5368f2559e0c01dbe3dc9/rootfs
sh -c 'umount -f "$0" && rm -rf "$0"' /run/k3s/containerd/io.containerd.runtime.v2.task/k8s.io/1ab108aa9edc8352d6558d9266b6caf1a2cb282098f42937fb6ad81113760c3e/rootfs
sh -c 'umount -f "$0" && rm -rf "$0"' /run/k3s/containerd/io.containerd.runtime.v2.task/k8s.io/1a2e477b3bd45506a470d0aad2eb4e2f0b706c217a5f9f1358fd9bf33f10924a/rootfs
sh -c 'umount -f "$0" && rm -rf "$0"' /run/k3s/containerd/io.containerd.runtime.v2.task/k8s.io/19bf9f843182e095dedacfa17b29136eeca7f9f2487869d5ec6d3abd5b2ae16a/rootfs
sh -c 'umount -f "$0" && rm -rf "$0"' /run/k3s/containerd/io.containerd.runtime.v2.task/k8s.io/12013e7be04a5e71bf81896f41f53f626e85a5c9770038f301ec1afa18bde377/rootfs
sh -c 'umount -f "$0" && rm -rf "$0"' /run/k3s/containerd/io.containerd.runtime.v2.task/k8s.io/10404fa2ce94ce949dec3a9178d5778435e42e2194677b61dd0f1f55169a49ea/rootfs
sh -c 'umount -f "$0" && rm -rf "$0"' /run/k3s/containerd/io.containerd.runtime.v2.task/k8s.io/0fc30d29902fbbccda3e99bf86897fd5d96d980f8b7c1870e292bfd870969e11/rootfs
sh -c 'umount -f "$0" && rm -rf "$0"' /run/k3s/containerd/io.containerd.runtime.v2.task/k8s.io/0e960800c5358387042b6acfe179d31d033759ebef70406e015d1b73c2469f42/rootfs
sh -c 'umount -f "$0" && rm -rf "$0"' /run/k3s/containerd/io.containerd.runtime.v2.task/k8s.io/02339d1f77b51f542cd6ed67093220a850f324203a98b22c64ad4fddb034549e/rootfs
sh -c 'umount -f "$0" && rm -rf "$0"' /run/k3s/containerd/io.containerd.grpc.v1.cri/sandboxes/f85dc6a6ab816236cab74250e626d60fa9d03d32620853a8d6e2e88d14f45e23/shm
sh -c 'umount -f "$0" && rm -rf "$0"' /run/k3s/containerd/io.containerd.grpc.v1.cri/sandboxes/f5df91e8245b34fcea2121ba46de8058d1c50780e9e261ada78538babf3daf52/shm
sh -c 'umount -f "$0" && rm -rf "$0"' /run/k3s/containerd/io.containerd.grpc.v1.cri/sandboxes/f5860d393496f995791d17980f6dd18875697175eaa781cbd87b8bab26ec7ebf/shm
sh -c 'umount -f "$0" && rm -rf "$0"' /run/k3s/containerd/io.containerd.grpc.v1.cri/sandboxes/e7b5554245835a604bbe938ad7052d70a87668b723e7dd56c89e442b4707817f/shm
sh -c 'umount -f "$0" && rm -rf "$0"' /run/k3s/containerd/io.containerd.grpc.v1.cri/sandboxes/dd4b1933c2ba4c93022808aadf59e063b78c90b0d60e3b00e08c23748307ed20/shm
sh -c 'umount -f "$0" && rm -rf "$0"' /run/k3s/containerd/io.containerd.grpc.v1.cri/sandboxes/dc5ea71e742e1df9c01fb7f00646ef1c8472b9f986bb323af3de7e99fd381bd0/shm
sh -c 'umount -f "$0" && rm -rf "$0"' /run/k3s/containerd/io.containerd.grpc.v1.cri/sandboxes/d88c80d4f86b66c89f41f5ab1de2294b531d9e60ba39727978c1b05820d4a688/shm
sh -c 'umount -f "$0" && rm -rf "$0"' /run/k3s/containerd/io.containerd.grpc.v1.cri/sandboxes/d61d01017ba9cef052bb7b6ef83c844ae20d104b79385bb0b0ac6faa4a2cd5cd/shm
sh -c 'umount -f "$0" && rm -rf "$0"' /run/k3s/containerd/io.containerd.grpc.v1.cri/sandboxes/d24e89f812962bbf01a5e172ddc5eb2281d6c775579a0713b0f4c3618683561a/shm
sh -c 'umount -f "$0" && rm -rf "$0"' /run/k3s/containerd/io.containerd.grpc.v1.cri/sandboxes/c96a67cad3aaa1d96b3c7f715f4694e16bcaa99e90ebd46259fcec16ba90d656/shm
sh -c 'umount -f "$0" && rm -rf "$0"' /run/k3s/containerd/io.containerd.grpc.v1.cri/sandboxes/c775a470e23a2aa6309b8691452453090cc80434aa85a19d1345d1eea65bd3c4/shm
sh -c 'umount -f "$0" && rm -rf "$0"' /run/k3s/containerd/io.containerd.grpc.v1.cri/sandboxes/c1b1df26205670442d48bfcbb140f10892e7bb3e157a1565ceff0f7d1032fe85/shm
sh -c 'umount -f "$0" && rm -rf "$0"' /run/k3s/containerd/io.containerd.grpc.v1.cri/sandboxes/be1eadcb6b0ba2be4fa949e6aa07b59e7f267fced38036637848edfd827fb442/shm
sh -c 'umount -f "$0" && rm -rf "$0"' /run/k3s/containerd/io.containerd.grpc.v1.cri/sandboxes/bd0abeed608fe51cbb1886c9c10c0bcf4455dd5f7a1ed848a40b92bbf411767e/shm
sh -c 'umount -f "$0" && rm -rf "$0"' /run/k3s/containerd/io.containerd.grpc.v1.cri/sandboxes/b49ccad5137988057bc2eff12a57aba2741d9a099a60edea23b63125edad2bde/shm
sh -c 'umount -f "$0" && rm -rf "$0"' /run/k3s/containerd/io.containerd.grpc.v1.cri/sandboxes/b3bbb163e16eafdf4df28ecce9ad7929bce399e34b86cabbe43e56c7d2aa35ab/shm
sh -c 'umount -f "$0" && rm -rf "$0"' /run/k3s/containerd/io.containerd.grpc.v1.cri/sandboxes/b3a3f7be67f577d82711457eedefc2814a3f52447a9daa7536643924134f3b2a/shm
sh -c 'umount -f "$0" && rm -rf "$0"' /run/k3s/containerd/io.containerd.grpc.v1.cri/sandboxes/b1fbdad350baa7c12b582b5ac50a045f44210d2fa7fccf3a63589b5b76d63170/shm
sh -c 'umount -f "$0" && rm -rf "$0"' /run/k3s/containerd/io.containerd.grpc.v1.cri/sandboxes/b15c2843fe70a4dd5d6d722aa76da97c737cb9577f794bdad9ae36b36f662333/shm
sh -c 'umount -f "$0" && rm -rf "$0"' /run/k3s/containerd/io.containerd.grpc.v1.cri/sandboxes/ac381786c899924e8f19627b8c387cfcf35adb237291fb07a80c7f5e1caa4293/shm
sh -c 'umount -f "$0" && rm -rf "$0"' /run/k3s/containerd/io.containerd.grpc.v1.cri/sandboxes/a1d079adcdcbf5cf7369a49528e3c83d76197320be38da9c751abc9e429022ad/shm
sh -c 'umount -f "$0" && rm -rf "$0"' /run/k3s/containerd/io.containerd.grpc.v1.cri/sandboxes/a0b8b551186edcfa2ba75159c7226e36c912a990d6e45736217e03ec6c0ae92e/shm
sh -c 'umount -f "$0" && rm -rf "$0"' /run/k3s/containerd/io.containerd.grpc.v1.cri/sandboxes/9d011153d406ad1e08ca9ff7b608881aec388cc292cb5e5786e50a7bd827fe26/shm
sh -c 'umount -f "$0" && rm -rf "$0"' /run/k3s/containerd/io.containerd.grpc.v1.cri/sandboxes/9a22322a03efd8025f75b8a838e4598ada54b34e585c1546cf892d0b4ab94f48/shm
sh -c 'umount -f "$0" && rm -rf "$0"' /run/k3s/containerd/io.containerd.grpc.v1.cri/sandboxes/991258633b714b428f892b92d56cd2ce4bec6a87a17407acd896786c654d396c/shm
sh -c 'umount -f "$0" && rm -rf "$0"' /run/k3s/containerd/io.containerd.grpc.v1.cri/sandboxes/9846e2fdfa8c73693e49b453fdbae6e2e81986a8fa26e91879ecbb04b801df5e/shm
sh -c 'umount -f "$0" && rm -rf "$0"' /run/k3s/containerd/io.containerd.grpc.v1.cri/sandboxes/97fc45f8de874018a0126d48f333ee9519b8c3103a86d555d4def2161207eccf/shm
sh -c 'umount -f "$0" && rm -rf "$0"' /run/k3s/containerd/io.containerd.grpc.v1.cri/sandboxes/962c532124ca98429d1dd8c93409ae4916af926ec93057f63b0fd3a43434b265/shm
sh -c 'umount -f "$0" && rm -rf "$0"' /run/k3s/containerd/io.containerd.grpc.v1.cri/sandboxes/942b6c8e5cae14605114b6b340233131577059c107b6cd50a0c31f5f4fe85f2e/shm
sh -c 'umount -f "$0" && rm -rf "$0"' /run/k3s/containerd/io.containerd.grpc.v1.cri/sandboxes/8e4c2aa5d2c36f90bcdedf9ec817336e8c580474a20b84c15f26efea1e91d6e1/shm
sh -c 'umount -f "$0" && rm -rf "$0"' /run/k3s/containerd/io.containerd.grpc.v1.cri/sandboxes/81e770e1c1665cf8629bd1bb9195445f235fb2485b24c51a4c1b675ae7632f9f/shm
sh -c 'umount -f "$0" && rm -rf "$0"' /run/k3s/containerd/io.containerd.grpc.v1.cri/sandboxes/7fe8d3dc46f627b45f98133437ebde629be048cced810efca620b40c3d2d481f/shm
sh -c 'umount -f "$0" && rm -rf "$0"' /run/k3s/containerd/io.containerd.grpc.v1.cri/sandboxes/78ac05d8c1274a26c37f5062fa79aacf17c74aff40868b41f7079e827987980c/shm
sh -c 'umount -f "$0" && rm -rf "$0"' /run/k3s/containerd/io.containerd.grpc.v1.cri/sandboxes/6dccf0b4d484f20f0031d23c2d38b1f81a703a99fb5af03f00907a9e53f60b0a/shm
sh -c 'umount -f "$0" && rm -rf "$0"' /run/k3s/containerd/io.containerd.grpc.v1.cri/sandboxes/66ebf2b433fb9d06df99b9a30f770cd87139fd32cc200c4238dd3e40d32c2c90/shm
sh -c 'umount -f "$0" && rm -rf "$0"' /run/k3s/containerd/io.containerd.grpc.v1.cri/sandboxes/623ea9078f3cd77f06d197809660114aff6b40c063b1f78a59bacbeb85e5f667/shm
sh -c 'umount -f "$0" && rm -rf "$0"' /run/k3s/containerd/io.containerd.grpc.v1.cri/sandboxes/60a27cca7267ff740caac998a6553bc8e79cc22aa5541f4ac3b821c9329f7378/shm
sh -c 'umount -f "$0" && rm -rf "$0"' /run/k3s/containerd/io.containerd.grpc.v1.cri/sandboxes/5d21d39065a4a454a2ffe188c35883cdace9f0d892f9dd5c6b11d41ef28e7f8e/shm
sh -c 'umount -f "$0" && rm -rf "$0"' /run/k3s/containerd/io.containerd.grpc.v1.cri/sandboxes/578e1f636492e0b76444c3d7f7272567ce1e81b5df6163dfb59dc9f0c8e2cee7/shm
sh -c 'umount -f "$0" && rm -rf "$0"' /run/k3s/containerd/io.containerd.grpc.v1.cri/sandboxes/4cf900cd7ed799a4945b2d7365e13e35bbb3c21c25e1ad7c8e4b2bab76630a35/shm
sh -c 'umount -f "$0" && rm -rf "$0"' /run/k3s/containerd/io.containerd.grpc.v1.cri/sandboxes/4b5039bdf17be8605520c78e0a9308c8fda365d3e27db960715f92310eaf04b8/shm
sh -c 'umount -f "$0" && rm -rf "$0"' /run/k3s/containerd/io.containerd.grpc.v1.cri/sandboxes/4a5d7e400083c745a45d3cb37e522e22ebf2ee65e226cae4362b57709652212f/shm
sh -c 'umount -f "$0" && rm -rf "$0"' /run/k3s/containerd/io.containerd.grpc.v1.cri/sandboxes/48e899c0ca259ae41281bcc4b063434636f6fdc06589422a09d2df0a5d944d4b/shm
sh -c 'umount -f "$0" && rm -rf "$0"' /run/k3s/containerd/io.containerd.grpc.v1.cri/sandboxes/467d2786a59be382856bd16a21aa82f8411aa0705e2bf048a407ff10539075f7/shm
sh -c 'umount -f "$0" && rm -rf "$0"' /run/k3s/containerd/io.containerd.grpc.v1.cri/sandboxes/4659b10a500320b2ee672bd19becbb4a8e3260b7908ba45bfa360a4a0cf91359/shm
sh -c 'umount -f "$0" && rm -rf "$0"' /run/k3s/containerd/io.containerd.grpc.v1.cri/sandboxes/4249143636cade639f67f685f5b0c28bcf511b6bc5a80144eadba07132f8fadb/shm
sh -c 'umount -f "$0" && rm -rf "$0"' /run/k3s/containerd/io.containerd.grpc.v1.cri/sandboxes/3c80752006596cd8a938778dae9085745e9244e613fbd04e9b053c7da06f1d28/shm
sh -c 'umount -f "$0" && rm -rf "$0"' /run/k3s/containerd/io.containerd.grpc.v1.cri/sandboxes/35e0eef03357cd74117307fc47ff85c478f3c6c5388f6991d8f3fe14cfbbd021/shm
sh -c 'umount -f "$0" && rm -rf "$0"' /run/k3s/containerd/io.containerd.grpc.v1.cri/sandboxes/3100ab23890994d340916ee4a189b3bfa1a30c51abaf68b7d0fcadc25091a48f/shm
sh -c 'umount -f "$0" && rm -rf "$0"' /run/k3s/containerd/io.containerd.grpc.v1.cri/sandboxes/2a971ab99e8ad150b1f6ff17890addcf1b5b3f07ee330fc1ef959cb31de9c2ca/shm
sh -c 'umount -f "$0" && rm -rf "$0"' /run/k3s/containerd/io.containerd.grpc.v1.cri/sandboxes/25d1725252e8498b24291afd666f269ed69a2bdfc3390d4d9d830da3f20831bc/shm
sh -c 'umount -f "$0" && rm -rf "$0"' /run/k3s/containerd/io.containerd.grpc.v1.cri/sandboxes/208d24058a273ad961a69f0bdb3a325177a6c1742fb6312246fe1e7bda907a3c/shm
sh -c 'umount -f "$0" && rm -rf "$0"' /run/k3s/containerd/io.containerd.grpc.v1.cri/sandboxes/1f11b02978bf44af94be04ad3437d407ccb118cc25fdaa8fcb992c701559768c/shm
sh -c 'umount -f "$0" && rm -rf "$0"' /run/k3s/containerd/io.containerd.grpc.v1.cri/sandboxes/1ec1d0675ca3299d3d1fb4628898cb551ac071cdae36c3fe8eb979a82e402709/shm
sh -c 'umount -f "$0" && rm -rf "$0"' /run/k3s/containerd/io.containerd.grpc.v1.cri/sandboxes/1d0f7b94ebcadf7306ff81c2fd6ebd10f0e674745bb5368f2559e0c01dbe3dc9/shm
sh -c 'umount -f "$0" && rm -rf "$0"' /run/k3s/containerd/io.containerd.grpc.v1.cri/sandboxes/19bf9f843182e095dedacfa17b29136eeca7f9f2487869d5ec6d3abd5b2ae16a/shm
sh -c 'umount -f "$0" && rm -rf "$0"' /run/k3s/containerd/io.containerd.grpc.v1.cri/sandboxes/10404fa2ce94ce949dec3a9178d5778435e42e2194677b61dd0f1f55169a49ea/shm
sh -c 'umount -f "$0" && rm -rf "$0"' /run/k3s/containerd/io.containerd.grpc.v1.cri/sandboxes/0fc30d29902fbbccda3e99bf86897fd5d96d980f8b7c1870e292bfd870969e11/shm
+ do_unmount_and_remove /var/lib/kubelet/pods
+ set +x
sh -c 'umount -f "$0" && rm -rf "$0"' /var/lib/kubelet/pods/ffb5f2bc-99b0-4e9c-9d71-11213d7b3b0f/volumes/kubernetes.io~projected/kube-api-access-9qbdm
sh -c 'umount -f "$0" && rm -rf "$0"' /var/lib/kubelet/pods/ffb5f2bc-99b0-4e9c-9d71-11213d7b3b0f/volumes/kubernetes.io~local-volume/pvc-50fab250-3e27-49e6-8c8d-c64d7f376ed1
sh -c 'umount -f "$0" && rm -rf "$0"' /var/lib/kubelet/pods/fa38736b-3fec-4598-a68b-e278da8e0eb7/volumes/kubernetes.io~projected/kube-api-access-tlpm6
sh -c 'umount -f "$0" && rm -rf "$0"' /var/lib/kubelet/pods/ef6a545c-a809-49e8-8664-9169cabbbe90/volumes/kubernetes.io~projected/kube-api-access-l6cnr
sh -c 'umount -f "$0" && rm -rf "$0"' /var/lib/kubelet/pods/ec90bcfb-6a12-4fe2-aca7-907c3da95a35/volumes/kubernetes.io~projected/kube-api-access-d5bp7
sh -c 'umount -f "$0" && rm -rf "$0"' /var/lib/kubelet/pods/ec1555d5-0be6-4489-ab26-075faec481c7/volumes/kubernetes.io~projected/kube-api-access-9j4dx
sh -c 'umount -f "$0" && rm -rf "$0"' /var/lib/kubelet/pods/d6055249-38ca-4b63-9f4a-657f167375ff/volumes/kubernetes.io~projected/kube-api-access-5nhl5
sh -c 'umount -f "$0" && rm -rf "$0"' /var/lib/kubelet/pods/cfd5697a-238c-4be0-99c6-b827d4a45877/volumes/kubernetes.io~secret/config
sh -c 'umount -f "$0" && rm -rf "$0"' /var/lib/kubelet/pods/cfd5697a-238c-4be0-99c6-b827d4a45877/volumes/kubernetes.io~secret/certs-https
sh -c 'umount -f "$0" && rm -rf "$0"' /var/lib/kubelet/pods/cfd5697a-238c-4be0-99c6-b827d4a45877/volumes/kubernetes.io~projected/kube-api-access-6p74j
sh -c 'umount -f "$0" && rm -rf "$0"' /var/lib/kubelet/pods/c555d5c4-770b-406c-9798-973a8de1d94f/volumes/kubernetes.io~projected/kube-api-access-7qddf
sh -c 'umount -f "$0" && rm -rf "$0"' /var/lib/kubelet/pods/c29615e1-e4c4-447c-bcee-58509431e65b/volumes/kubernetes.io~secret/config
sh -c 'umount -f "$0" && rm -rf "$0"' /var/lib/kubelet/pods/c29615e1-e4c4-447c-bcee-58509431e65b/volumes/kubernetes.io~projected/kube-api-access-jjcgm
sh -c 'umount -f "$0" && rm -rf "$0"' /var/lib/kubelet/pods/c11ccc07-8e74-4cae-a1c8-20ba3c72bfbb/volume-subpaths/ktc-credentials/ktc-creds-cntr/0
sh -c 'umount -f "$0" && rm -rf "$0"' /var/lib/kubelet/pods/c11ccc07-8e74-4cae-a1c8-20ba3c72bfbb/volumes/kubernetes.io~projected/kube-api-access-jhtfj
sh -c 'umount -f "$0" && rm -rf "$0"' /var/lib/kubelet/pods/bf238a3e-0a69-4088-98cf-1f8b3c0b0ab3/volumes/kubernetes.io~projected/kube-api-access-zm2xm
sh -c 'umount -f "$0" && rm -rf "$0"' /var/lib/kubelet/pods/b6a321ab-4c76-42a7-bdad-407c139267ea/volumes/kubernetes.io~projected/kube-api-access-7n254
sh -c 'umount -f "$0" && rm -rf "$0"' /var/lib/kubelet/pods/b462220c-c39f-4a9a-85b4-7860d5d502f2/volumes/kubernetes.io~projected/kube-api-access-mb4cp
sh -c 'umount -f "$0" && rm -rf "$0"' /var/lib/kubelet/pods/aeb6c8f2-a520-45b3-8f20-ae492d2df23a/volumes/kubernetes.io~projected/kube-api-access-d62pm
sh -c 'umount -f "$0" && rm -rf "$0"' /var/lib/kubelet/pods/ae8b5c60-f95a-420e-8f20-59f0a20b1428/volumes/kubernetes.io~projected/kube-api-access-lltmd
sh -c 'umount -f "$0" && rm -rf "$0"' /var/lib/kubelet/pods/aa1f69ab-63a6-478a-8e09-f6c2247a9bf9/volumes/kubernetes.io~projected/kube-api-access-tf2md
sh -c 'umount -f "$0" && rm -rf "$0"' /var/lib/kubelet/pods/a525e201-8da2-4f81-864e-247690c92a35/volumes/kubernetes.io~projected/kube-api-access-xc7z9
sh -c 'umount -f "$0" && rm -rf "$0"' /var/lib/kubelet/pods/a2b83efc-1c11-46cd-81d4-dea04ca98be3/volumes/kubernetes.io~secret/certs
sh -c 'umount -f "$0" && rm -rf "$0"' /var/lib/kubelet/pods/a2b83efc-1c11-46cd-81d4-dea04ca98be3/volumes/kubernetes.io~projected/kube-api-access-wbd26
sh -c 'umount -f "$0" && rm -rf "$0"' /var/lib/kubelet/pods/a158187a-c62e-4ffb-bfff-2551cdff92b4/volumes/kubernetes.io~projected/kube-api-access-rnnb4
sh -c 'umount -f "$0" && rm -rf "$0"' /var/lib/kubelet/pods/a158187a-c62e-4ffb-bfff-2551cdff92b4/volumes/kubernetes.io~local-volume/pvc-0bd25fe1-203d-43ac-a80a-508931cb6cdf
sh -c 'umount -f "$0" && rm -rf "$0"' /var/lib/kubelet/pods/a158187a-c62e-4ffb-bfff-2551cdff92b4/volumes/kubernetes.io~empty-dir/shm
sh -c 'umount -f "$0" && rm -rf "$0"' /var/lib/kubelet/pods/a10645f3-58aa-492b-aceb-59155919e11e/volumes/kubernetes.io~secret/data
sh -c 'umount -f "$0" && rm -rf "$0"' /var/lib/kubelet/pods/a10645f3-58aa-492b-aceb-59155919e11e/volumes/kubernetes.io~projected/kube-api-access-lx4x6
sh -c 'umount -f "$0" && rm -rf "$0"' /var/lib/kubelet/pods/9f9abaaa-b439-4969-8d4f-7a4ae7cecc22/volumes/kubernetes.io~projected/kube-api-access-dt5tx
sh -c 'umount -f "$0" && rm -rf "$0"' /var/lib/kubelet/pods/98c27162-6ba0-4b68-aa8f-5652e665898c/volumes/kubernetes.io~projected/kube-api-access-92t7p
sh -c 'umount -f "$0" && rm -rf "$0"' /var/lib/kubelet/pods/94fc9538-32ee-4661-9e60-1e0e81758344/volume-subpaths/runtime-config/root/1
sh -c 'umount -f "$0" && rm -rf "$0"' /var/lib/kubelet/pods/94fc9538-32ee-4661-9e60-1e0e81758344/volume-subpaths/nginx-config/root/0
sh -c 'umount -f "$0" && rm -rf "$0"' /var/lib/kubelet/pods/94fc9538-32ee-4661-9e60-1e0e81758344/volumes/kubernetes.io~projected/kube-api-access-kx62b
sh -c 'umount -f "$0" && rm -rf "$0"' /var/lib/kubelet/pods/8cbe2a1a-b8f2-4690-bb01-7082a3819099/volumes/kubernetes.io~projected/kube-api-access-d7kb5
sh -c 'umount -f "$0" && rm -rf "$0"' /var/lib/kubelet/pods/89bf5b18-8cae-48af-a312-a2c846384021/volumes/kubernetes.io~secret/secret-volume
sh -c 'umount -f "$0" && rm -rf "$0"' /var/lib/kubelet/pods/89bf5b18-8cae-48af-a312-a2c846384021/volumes/kubernetes.io~projected/kube-api-access-pdpfh
sh -c 'umount -f "$0" && rm -rf "$0"' /var/lib/kubelet/pods/883ee0ac-2ff1-4b93-a2a9-8f2bcfc599ea/volumes/kubernetes.io~projected/kube-api-access-b6xct
sh -c 'umount -f "$0" && rm -rf "$0"' /var/lib/kubelet/pods/85d0ca7b-84f4-487e-ae88-45eb2fb1cdb4/volumes/kubernetes.io~secret/config
sh -c 'umount -f "$0" && rm -rf "$0"' /var/lib/kubelet/pods/85d0ca7b-84f4-487e-ae88-45eb2fb1cdb4/volumes/kubernetes.io~projected/kube-api-access-w227f
sh -c 'umount -f "$0" && rm -rf "$0"' /var/lib/kubelet/pods/85d0ca7b-84f4-487e-ae88-45eb2fb1cdb4/volumes/kubernetes.io~projected/certificates
sh -c 'umount -f "$0" && rm -rf "$0"' /var/lib/kubelet/pods/7ec2910e-c7d9-4026-aac2-8f1bdb756b86/volumes/kubernetes.io~projected/kube-api-access-2htcx
sh -c 'umount -f "$0" && rm -rf "$0"' /var/lib/kubelet/pods/6aeb7067-1fc9-4920-b010-ce242fa5b0d7/volumes/kubernetes.io~secret/memberlist
sh -c 'umount -f "$0" && rm -rf "$0"' /var/lib/kubelet/pods/6aeb7067-1fc9-4920-b010-ce242fa5b0d7/volumes/kubernetes.io~projected/kube-api-access-9kfwt
sh -c 'umount -f "$0" && rm -rf "$0"' /var/lib/kubelet/pods/664a9eeb-6aac-4c47-a70f-9e483987fce1/volume-subpaths/tmp/kubernetes-ingress-controller/1
sh -c 'umount -f "$0" && rm -rf "$0"' /var/lib/kubelet/pods/664a9eeb-6aac-4c47-a70f-9e483987fce1/volume-subpaths/tmp/kubernetes-ingress-controller/0
sh -c 'umount -f "$0" && rm -rf "$0"' /var/lib/kubelet/pods/664a9eeb-6aac-4c47-a70f-9e483987fce1/volumes/kubernetes.io~projected/kube-api-access-pbvlg
sh -c 'umount -f "$0" && rm -rf "$0"' /var/lib/kubelet/pods/664a9eeb-6aac-4c47-a70f-9e483987fce1/volumes/kubernetes.io~empty-dir/tmp
sh -c 'umount -f "$0" && rm -rf "$0"' /var/lib/kubelet/pods/65d2294f-9086-421a-b023-431b016f599e/volumes/kubernetes.io~secret/secret-volume
sh -c 'umount -f "$0" && rm -rf "$0"' /var/lib/kubelet/pods/65d2294f-9086-421a-b023-431b016f599e/volumes/kubernetes.io~secret/boots-ca-cert
sh -c 'umount -f "$0" && rm -rf "$0"' /var/lib/kubelet/pods/65d2294f-9086-421a-b023-431b016f599e/volumes/kubernetes.io~projected/kube-api-access-mhvlg
sh -c 'umount -f "$0" && rm -rf "$0"' /var/lib/kubelet/pods/65628b09-7e41-4103-b1fd-4c1003acadfa/volumes/kubernetes.io~projected/kube-api-access-s4xxl
sh -c 'umount -f "$0" && rm -rf "$0"' /var/lib/kubelet/pods/6111d482-3b33-453d-8771-a677127e79ee/volumes/kubernetes.io~projected/kube-api-access-5jb7c
sh -c 'umount -f "$0" && rm -rf "$0"' /var/lib/kubelet/pods/5dcf2989-b49c-4e0d-a503-a1a05f3b2300/volumes/kubernetes.io~projected/kube-api-access-t45vr
sh -c 'umount -f "$0" && rm -rf "$0"' /var/lib/kubelet/pods/5d6c3427-8182-49e4-86b3-70e1b783da2b/volumes/kubernetes.io~projected/kube-api-access-jn2bt
sh -c 'umount -f "$0" && rm -rf "$0"' /var/lib/kubelet/pods/55d4632c-f237-4164-af46-ba99ff175279/volumes/kubernetes.io~projected/kube-api-access-4ddg2
sh -c 'umount -f "$0" && rm -rf "$0"' /var/lib/kubelet/pods/531c7d79-968c-43ec-9c68-8c6c78c18f1b/volumes/kubernetes.io~projected/kube-api-access-qkfqc
sh -c 'umount -f "$0" && rm -rf "$0"' /var/lib/kubelet/pods/49565165-af63-4f3c-bcea-7f7fad1747e8/volume-subpaths/tmp/kubernetes-ingress-controller/1
sh -c 'umount -f "$0" && rm -rf "$0"' /var/lib/kubelet/pods/49565165-af63-4f3c-bcea-7f7fad1747e8/volume-subpaths/tmp/kubernetes-ingress-controller/0
sh -c 'umount -f "$0" && rm -rf "$0"' /var/lib/kubelet/pods/49565165-af63-4f3c-bcea-7f7fad1747e8/volumes/kubernetes.io~projected/kube-api-access-v46mg
sh -c 'umount -f "$0" && rm -rf "$0"' /var/lib/kubelet/pods/49565165-af63-4f3c-bcea-7f7fad1747e8/volumes/kubernetes.io~empty-dir/tmp
sh -c 'umount -f "$0" && rm -rf "$0"' /var/lib/kubelet/pods/485fe39f-97ed-4501-9c44-ca5d94f8a6e7/volumes/kubernetes.io~projected/kube-api-access-4jwld
sh -c 'umount -f "$0" && rm -rf "$0"' /var/lib/kubelet/pods/468f2d4c-2b58-4b10-b149-30fed89122cb/volumes/kubernetes.io~projected/kube-api-access-hhlqs
sh -c 'umount -f "$0" && rm -rf "$0"' /var/lib/kubelet/pods/4237f41c-e418-46ca-b045-15527c2fbf59/volumes/kubernetes.io~projected/kube-api-access-8nbvv
sh -c 'umount -f "$0" && rm -rf "$0"' /var/lib/kubelet/pods/40598eb9-751b-475e-93fe-a72c2d5c9a73/volumes/kubernetes.io~projected/kube-api-access-wxwgs
sh -c 'umount -f "$0" && rm -rf "$0"' /var/lib/kubelet/pods/3b8a59a4-a9b3-4d7b-a3d4-440889693840/volumes/kubernetes.io~projected/kube-api-access-f8dkc
sh -c 'umount -f "$0" && rm -rf "$0"' /var/lib/kubelet/pods/38aff6d6-d134-415d-a6ac-c4d0d233ca2f/volumes/kubernetes.io~secret/orch-ca-cert
sh -c 'umount -f "$0" && rm -rf "$0"' /var/lib/kubelet/pods/38aff6d6-d134-415d-a6ac-c4d0d233ca2f/volumes/kubernetes.io~secret/boots-ca-cert
sh -c 'umount -f "$0" && rm -rf "$0"' /var/lib/kubelet/pods/38aff6d6-d134-415d-a6ac-c4d0d233ca2f/volumes/kubernetes.io~projected/kube-api-access-zgbbw
sh -c 'umount -f "$0" && rm -rf "$0"' /var/lib/kubelet/pods/38aff6d6-d134-415d-a6ac-c4d0d233ca2f/volumes/kubernetes.io~local-volume/pvc-50fab250-3e27-49e6-8c8d-c64d7f376ed1
sh -c 'umount -f "$0" && rm -rf "$0"' /var/lib/kubelet/pods/3136a486-fa64-459c-931d-4e8e2da4f470/volumes/kubernetes.io~projected/default-sa
sh -c 'umount -f "$0" && rm -rf "$0"' /var/lib/kubelet/pods/3136a486-fa64-459c-931d-4e8e2da4f470/volumes/kubernetes.io~projected/config-volume
sh -c 'umount -f "$0" && rm -rf "$0"' /var/lib/kubelet/pods/2a57b020-65b2-4bf7-bcc7-c3699ee0e13e/volumes/kubernetes.io~projected/kube-api-access-mkz6x
sh -c 'umount -f "$0" && rm -rf "$0"' /var/lib/kubelet/pods/26589a4e-11bb-4ac0-b9f5-187ae5183ef7/volumes/kubernetes.io~secret/cert
sh -c 'umount -f "$0" && rm -rf "$0"' /var/lib/kubelet/pods/26589a4e-11bb-4ac0-b9f5-187ae5183ef7/volumes/kubernetes.io~projected/kube-api-access-hxkv8
sh -c 'umount -f "$0" && rm -rf "$0"' /var/lib/kubelet/pods/25a14b1d-9d66-4643-a0aa-0f95c59984f5/volumes/kubernetes.io~projected/kube-api-access-5g9p4
sh -c 'umount -f "$0" && rm -rf "$0"' /var/lib/kubelet/pods/23bbe954-68e4-4a85-8c32-9bbe4870e776/volumes/kubernetes.io~projected/kube-api-access-r4ltk
sh -c 'umount -f "$0" && rm -rf "$0"' /var/lib/kubelet/pods/21db5a6a-fcf7-4be7-880b-eba34d07eb43/volumes/kubernetes.io~projected/kube-api-access-q54lb
sh -c 'umount -f "$0" && rm -rf "$0"' /var/lib/kubelet/pods/2094c9c0-6936-485a-af34-ef4635de0b91/volumes/kubernetes.io~secret/orch-ca-cert
sh -c 'umount -f "$0" && rm -rf "$0"' /var/lib/kubelet/pods/2094c9c0-6936-485a-af34-ef4635de0b91/volumes/kubernetes.io~projected/kube-api-access-9v2m8
sh -c 'umount -f "$0" && rm -rf "$0"' /var/lib/kubelet/pods/1cb6c75f-7cae-4cc4-a092-fb37b3e87235/volumes/kubernetes.io~projected/kube-api-access-2g84l
sh -c 'umount -f "$0" && rm -rf "$0"' /var/lib/kubelet/pods/1a223262-c12a-472d-a863-bb3c884892ff/volumes/kubernetes.io~projected/kube-api-access-4np97
sh -c 'umount -f "$0" && rm -rf "$0"' /var/lib/kubelet/pods/198824db-34b3-4562-9981-9456e2610f5d/volumes/kubernetes.io~secret/webhook-certificates
sh -c 'umount -f "$0" && rm -rf "$0"' /var/lib/kubelet/pods/198824db-34b3-4562-9981-9456e2610f5d/volumes/kubernetes.io~projected/kube-api-access-xw2jg
sh -c 'umount -f "$0" && rm -rf "$0"' /var/lib/kubelet/pods/190e072e-024b-4887-a4fa-fdce84a713b4/volumes/kubernetes.io~projected/kube-api-access-g29fm
sh -c 'umount -f "$0" && rm -rf "$0"' /var/lib/kubelet/pods/12a1bde4-94c6-4c12-84fa-2e7b4011704d/volumes/kubernetes.io~projected/kube-api-access-mklv2
sh -c 'umount -f "$0" && rm -rf "$0"' /var/lib/kubelet/pods/0e5dff3d-b981-4ec2-8689-f3820d1f0125/volumes/kubernetes.io~projected/kube-api-access-pwf87
+ do_unmount_and_remove /var/lib/kubelet/plugins
+ set +x
+ do_unmount_and_remove /run/netns/cni-
+ set +x
sh -c 'umount -f "$0" && rm -rf "$0"' /run/netns/cni-fd1852c5-94a5-0c83-389c-028bd9c307c7
sh -c 'umount -f "$0" && rm -rf "$0"' /run/netns/cni-f97d4029-8704-6b13-2e78-0b93530b4f16
sh -c 'umount -f "$0" && rm -rf "$0"' /run/netns/cni-f3a618fa-0fa8-bc17-8fee-0cd95a9e52d8
sh -c 'umount -f "$0" && rm -rf "$0"' /run/netns/cni-ee2feb9e-a80d-b0ea-567f-7e2757797a36
sh -c 'umount -f "$0" && rm -rf "$0"' /run/netns/cni-ed000d0c-a03c-c554-759e-786bf4efce28
sh -c 'umount -f "$0" && rm -rf "$0"' /run/netns/cni-eb2cc63b-dfa2-b609-5068-9bbe0c62b583
sh -c 'umount -f "$0" && rm -rf "$0"' /run/netns/cni-dfb655d5-86af-9208-40e6-89c166cad2bf
sh -c 'umount -f "$0" && rm -rf "$0"' /run/netns/cni-de40eda2-09d1-55dd-befc-a47d091be094
sh -c 'umount -f "$0" && rm -rf "$0"' /run/netns/cni-dc6ae719-b818-13f4-0f1f-e850aaf8fb2b
sh -c 'umount -f "$0" && rm -rf "$0"' /run/netns/cni-dc123bd6-f66a-64a2-5164-457229bb8dec
sh -c 'umount -f "$0" && rm -rf "$0"' /run/netns/cni-d3715de8-5954-2c68-0c39-c0c2172f87ef
sh -c 'umount -f "$0" && rm -rf "$0"' /run/netns/cni-d1a0ed94-8394-740d-6f71-1dcb387b361b
sh -c 'umount -f "$0" && rm -rf "$0"' /run/netns/cni-cd7b52e2-2436-42d1-4282-6ebea74c5753
sh -c 'umount -f "$0" && rm -rf "$0"' /run/netns/cni-cd4cbd8c-38e5-feba-023c-9809cc6cc09f
sh -c 'umount -f "$0" && rm -rf "$0"' /run/netns/cni-cd1d0777-b6fc-ec88-64db-25566b184f66
sh -c 'umount -f "$0" && rm -rf "$0"' /run/netns/cni-bd270a48-13e3-c9c5-486f-c458f163258b
sh -c 'umount -f "$0" && rm -rf "$0"' /run/netns/cni-bbda1d79-1be6-7a20-3c85-9bd9187cfd2f
sh -c 'umount -f "$0" && rm -rf "$0"' /run/netns/cni-bbb54c55-842e-94ba-0f2a-70a46dc04b29
sh -c 'umount -f "$0" && rm -rf "$0"' /run/netns/cni-ba3ebb54-6be0-7354-4398-6c845923d8ad
sh -c 'umount -f "$0" && rm -rf "$0"' /run/netns/cni-b73b57fb-21b5-a61e-f855-3087f83ce8fc
sh -c 'umount -f "$0" && rm -rf "$0"' /run/netns/cni-b65bf04a-fa65-4a03-ae11-4b330d0cff4d
sh -c 'umount -f "$0" && rm -rf "$0"' /run/netns/cni-ab91598f-78b0-1234-a34d-bc47903ca465
sh -c 'umount -f "$0" && rm -rf "$0"' /run/netns/cni-aab79fed-32b4-f0d6-45d5-b81999ffaef8
sh -c 'umount -f "$0" && rm -rf "$0"' /run/netns/cni-a268710f-6a88-89ec-055c-c55f0bde4a53
sh -c 'umount -f "$0" && rm -rf "$0"' /run/netns/cni-a1e4f1b2-ea8c-22f8-f84c-01af2da33d4c
sh -c 'umount -f "$0" && rm -rf "$0"' /run/netns/cni-9e567159-c882-b57f-cecb-46cc0d6846ab
sh -c 'umount -f "$0" && rm -rf "$0"' /run/netns/cni-99398df8-8d6e-96a7-f6b3-f497159df8b5
sh -c 'umount -f "$0" && rm -rf "$0"' /run/netns/cni-987aba85-7077-1881-2abf-6fa6404a6d26
sh -c 'umount -f "$0" && rm -rf "$0"' /run/netns/cni-883e4940-d6b8-1210-aaf9-e833006eec25
sh -c 'umount -f "$0" && rm -rf "$0"' /run/netns/cni-855a7ea8-f543-79ae-4acc-3645e34710a7
sh -c 'umount -f "$0" && rm -rf "$0"' /run/netns/cni-81933b37-5f0a-f045-79b4-1c4c2f0e85fb
sh -c 'umount -f "$0" && rm -rf "$0"' /run/netns/cni-7ca5fed8-0fa4-b166-c360-77e37029ab94
sh -c 'umount -f "$0" && rm -rf "$0"' /run/netns/cni-7a9ec195-3781-14ba-ffbf-1023cf54e9ba
sh -c 'umount -f "$0" && rm -rf "$0"' /run/netns/cni-75c5ef6a-882c-8941-6881-253eaf97edad
sh -c 'umount -f "$0" && rm -rf "$0"' /run/netns/cni-7467acef-0249-12ed-3124-0c3fce19be06
sh -c 'umount -f "$0" && rm -rf "$0"' /run/netns/cni-72be34e6-4db7-eddd-283a-84880ad79118
sh -c 'umount -f "$0" && rm -rf "$0"' /run/netns/cni-6b052255-f2ff-59cc-8de0-d3cb731a025d
sh -c 'umount -f "$0" && rm -rf "$0"' /run/netns/cni-6047c7c4-ff30-c221-91fb-1ae16f751c4d
sh -c 'umount -f "$0" && rm -rf "$0"' /run/netns/cni-5ddc478c-8aa1-e55a-6db6-bb76a48fc3f9
sh -c 'umount -f "$0" && rm -rf "$0"' /run/netns/cni-565315ad-f473-d087-e052-3e2824a51ed4
sh -c 'umount -f "$0" && rm -rf "$0"' /run/netns/cni-55ea29a3-9e66-3719-99b8-d16693bf1ab3
sh -c 'umount -f "$0" && rm -rf "$0"' /run/netns/cni-52e022e6-c681-7851-ba9d-fdbd871f5c5f
sh -c 'umount -f "$0" && rm -rf "$0"' /run/netns/cni-51d6f01e-a827-1860-62c5-73817028a064
sh -c 'umount -f "$0" && rm -rf "$0"' /run/netns/cni-4c554b0a-b86e-e9fa-6e4f-aa27fd9af066
sh -c 'umount -f "$0" && rm -rf "$0"' /run/netns/cni-4c4c8172-2458-ba5c-6037-91151e80d96d
sh -c 'umount -f "$0" && rm -rf "$0"' /run/netns/cni-496008a3-eea0-75a3-eed7-88c5719536e9
sh -c 'umount -f "$0" && rm -rf "$0"' /run/netns/cni-406d3e00-09c7-531a-0f33-4a3fcc89aead
sh -c 'umount -f "$0" && rm -rf "$0"' /run/netns/cni-3b18f510-cd3c-9070-a18f-3d156a5492de
sh -c 'umount -f "$0" && rm -rf "$0"' /run/netns/cni-3434a7e3-4543-fe21-0b92-8a9fcc026bd4
sh -c 'umount -f "$0" && rm -rf "$0"' /run/netns/cni-2fd35c97-db69-d669-1a68-ae746c85c718
sh -c 'umount -f "$0" && rm -rf "$0"' /run/netns/cni-2bcda31d-49be-97ab-bef8-193882ffb75a
sh -c 'umount -f "$0" && rm -rf "$0"' /run/netns/cni-2a25ec9c-025f-55d6-aa63-1c5f1094df6a
sh -c 'umount -f "$0" && rm -rf "$0"' /run/netns/cni-2910988a-88d1-d17e-3375-74f057798353
sh -c 'umount -f "$0" && rm -rf "$0"' /run/netns/cni-1c454518-bc95-bda7-31e0-edb3647b6032
sh -c 'umount -f "$0" && rm -rf "$0"' /run/netns/cni-14b258dc-8c18-e4bf-d276-8a5a037c45a6
sh -c 'umount -f "$0" && rm -rf "$0"' /run/netns/cni-12c713c2-d4f1-6de7-8540-997539b1d3ff
sh -c 'umount -f "$0" && rm -rf "$0"' /run/netns/cni-0bc2da04-f2d4-dba9-0832-d8dcc767b460
sh -c 'umount -f "$0" && rm -rf "$0"' /run/netns/cni-0a8148d3-779d-bf43-dcc9-28dcd7fff919
sh -c 'umount -f "$0" && rm -rf "$0"' /run/netns/cni-098a4fb6-44fa-349a-7fc1-abe2a23872f7
sh -c 'umount -f "$0" && rm -rf "$0"' /run/netns/cni-07299b67-f280-7723-9978-9a6a805a8b80
sh -c 'umount -f "$0" && rm -rf "$0"' /run/netns/cni-0407d1c3-8eec-4bde-2a2e-37543b224f75
sh -c 'umount -f "$0" && rm -rf "$0"' /run/netns/cni-033f6534-6a49-1dda-4b7c-e235db5a71ee
+ ip netns show
+ + grepxargs cni- -r
 -t -n 1 ip netns delete
+ remove_interfaces
+ ip link show
+ grep master cni0
+ read ignore iface ignore
+ iface=veth1aec14d8
+ [ -z veth1aec14d8 ]
+ ip link delete veth1aec14d8
+ read ignore iface ignore
+ iface=veth3611406c
+ [ -z veth3611406c ]
+ ip link delete veth3611406c
+ read ignore iface ignore
+ iface=veth6882ef38
+ [ -z veth6882ef38 ]
+ ip link delete veth6882ef38
Cannot find device "veth6882ef38"
+ read ignore iface ignore
+ iface=vetha7b07576
+ [ -z vetha7b07576 ]
+ ip link delete vetha7b07576
Cannot find device "vetha7b07576"
+ read ignore iface ignore
+ iface=veth4ab9b5cb
+ [ -z veth4ab9b5cb ]
+ ip link delete veth4ab9b5cb
Cannot find device "veth4ab9b5cb"
+ read ignore iface ignore
+ iface=vethe36b3e09
+ [ -z vethe36b3e09 ]
+ ip link delete vethe36b3e09
Cannot find device "vethe36b3e09"
+ read ignore iface ignore
+ iface=veth026d3387
+ [ -z veth026d3387 ]
+ ip link delete veth026d3387
Cannot find device "veth026d3387"
+ read ignore iface ignore
+ iface=veth0487ff74
+ [ -z veth0487ff74 ]
+ ip link delete veth0487ff74
Cannot find device "veth0487ff74"
+ read ignore iface ignore
+ iface=veth04a8f9ca
+ [ -z veth04a8f9ca ]
+ ip link delete veth04a8f9ca
Cannot find device "veth04a8f9ca"
+ read ignore iface ignore
+ iface=vethf1bf0128
+ [ -z vethf1bf0128 ]
+ ip link delete vethf1bf0128
Cannot find device "vethf1bf0128"
+ read ignore iface ignore
+ iface=veth5a225459
+ [ -z veth5a225459 ]
+ ip link delete veth5a225459
Cannot find device "veth5a225459"
+ read ignore iface ignore
+ iface=vethca31edf3
+ [ -z vethca31edf3 ]
+ ip link delete vethca31edf3
Cannot find device "vethca31edf3"
+ read ignore iface ignore
+ iface=veth2f7af923
+ [ -z veth2f7af923 ]
+ ip link delete veth2f7af923
Cannot find device "veth2f7af923"
+ read ignore iface ignore
+ iface=veth9ff731bc
+ [ -z veth9ff731bc ]
+ ip link delete veth9ff731bc
Cannot find device "veth9ff731bc"
+ read ignore iface ignore
+ iface=veth8bde4cf7
+ [ -z veth8bde4cf7 ]
+ ip link delete veth8bde4cf7
Cannot find device "veth8bde4cf7"
+ read ignore iface ignore
+ iface=veth48eca363
+ [ -z veth48eca363 ]
+ ip link delete veth48eca363
Cannot find device "veth48eca363"
+ read ignore iface ignore
+ iface=vethc68181a1
+ [ -z vethc68181a1 ]
+ ip link delete vethc68181a1
Cannot find device "vethc68181a1"
+ read ignore iface ignore
+ iface=veth9c440ec1
+ [ -z veth9c440ec1 ]
+ ip link delete veth9c440ec1
Cannot find device "veth9c440ec1"
+ read ignore iface ignore
+ iface=veth77f9bddf
+ [ -z veth77f9bddf ]
+ ip link delete veth77f9bddf
Cannot find device "veth77f9bddf"
+ read ignore iface ignore
+ iface=vethaa86ec2c
+ [ -z vethaa86ec2c ]
+ ip link delete vethaa86ec2c
Cannot find device "vethaa86ec2c"
+ read ignore iface ignore
+ iface=veth194b87b3
+ [ -z veth194b87b3 ]
+ ip link delete veth194b87b3
Cannot find device "veth194b87b3"
+ read ignore iface ignore
+ iface=vethf4ade779
+ [ -z vethf4ade779 ]
+ ip link delete vethf4ade779
Cannot find device "vethf4ade779"
+ read ignore iface ignore
+ iface=veth23ce8b6e
+ [ -z veth23ce8b6e ]
+ ip link delete veth23ce8b6e
Cannot find device "veth23ce8b6e"
+ read ignore iface ignore
+ iface=veth8a00a35f
+ [ -z veth8a00a35f ]
+ ip link delete veth8a00a35f
Cannot find device "veth8a00a35f"
+ read ignore iface ignore
+ iface=vethae226485
+ [ -z vethae226485 ]
+ ip link delete vethae226485
Cannot find device "vethae226485"
+ read ignore iface ignore
+ iface=vetha831dc08
+ [ -z vetha831dc08 ]
+ ip link delete vetha831dc08
Cannot find device "vetha831dc08"
+ read ignore iface ignore
+ iface=veth40446d0f
+ [ -z veth40446d0f ]
+ ip link delete veth40446d0f
Cannot find device "veth40446d0f"
+ read ignore iface ignore
+ iface=veth54a2a450
+ [ -z veth54a2a450 ]
+ ip link delete veth54a2a450
Cannot find device "veth54a2a450"
+ read ignore iface ignore
+ iface=veth5dbd86e1
+ [ -z veth5dbd86e1 ]
+ ip link delete veth5dbd86e1
Cannot find device "veth5dbd86e1"
+ read ignore iface ignore
+ iface=vethbdd527cd
+ [ -z vethbdd527cd ]
+ ip link delete vethbdd527cd
Cannot find device "vethbdd527cd"
+ read ignore iface ignore
+ iface=veth395670aa
+ [ -z veth395670aa ]
+ ip link delete veth395670aa
Cannot find device "veth395670aa"
+ read ignore iface ignore
+ iface=veth32d618de
+ [ -z veth32d618de ]
+ ip link delete veth32d618de
Cannot find device "veth32d618de"
+ read ignore iface ignore
+ iface=veth45bef0f1
+ [ -z veth45bef0f1 ]
+ ip link delete veth45bef0f1
Cannot find device "veth45bef0f1"
+ read ignore iface ignore
+ iface=veth432e7fa4
+ [ -z veth432e7fa4 ]
+ ip link delete veth432e7fa4
Cannot find device "veth432e7fa4"
+ read ignore iface ignore
+ iface=vethcf7eebc4
+ [ -z vethcf7eebc4 ]
+ ip link delete vethcf7eebc4
Cannot find device "vethcf7eebc4"
+ read ignore iface ignore
+ ip link delete cni0
+ ip link delete flannel.1
+ ip link delete flannel-v6.1
Cannot find device "flannel-v6.1"
+ ip link delete kube-ipvs0
Cannot find device "kube-ipvs0"
+ ip link delete flannel-wg
Cannot find device "flannel-wg"
+ ip link delete flannel-wg-v6
Cannot find device "flannel-wg-v6"
+ command -v tailscale
+ [ -n  ]
+ rm -rf /var/lib/cni/
+ iptables-save
+ grep -v KUBE-
+ grep -v CNI-
+ grep -iv flannel
+ iptables-restore
+ ip6tables-save
+ grep -v KUBE-
+ grep -v CNI-
+ grep -iv flannel
+ ip6tables-restore
+ command -v systemctl
/bin/systemctl
+ systemctl disable k3s
Removed "/etc/systemd/system/multi-user.target.wants/k3s.service".
+ systemctl reset-failed k3s
Failed to reset failed state of unit k3s.service: Unit k3s.service not loaded.
+ systemctl daemon-reload
+ command -v rc-update
+ rm -f /etc/systemd/system/k3s.service
+ rm -f /etc/systemd/system/k3s.service.env
+ trap remove_uninstall EXIT
+ [ -L /usr/local/bin/kubectl ]
+ [ -L /usr/local/bin/crictl ]
+ rm -f /usr/local/bin/crictl
+ [ -L /usr/local/bin/ctr ]
+ rm -rf /etc/rancher/k3s
+ rm -rf /run/k3s
+ rm -rf /run/flannel
+ clean_mounted_directory /var/lib/rancher/k3s
+ grep -q  /var/lib/rancher/k3s /proc/mounts
+ rm -rf /var/lib/rancher/k3s
+ return 0
+ rm -rf /var/lib/kubelet
+ rm -f /usr/local/bin/k3s
+ rm -f /usr/local/bin/k3s-killall.sh
+ type yum
+ type rpm-ostree
+ type zypper
+ remove_uninstall
+ rm -f /usr/local/bin/k3s-uninstall.sh
✅ K3s uninstall complete
Note: kubeconfig at /home/seu/.kube/config was not removed.

═══════════════════════════════════════════════════════════════
  PRE-ORCH TIMING SUMMARY
═══════════════════════════════════════════════════════════════
  ─────────────────────────────────────────────────────────────
  Start: 2026-04-10 12:31:08
  End:   2026-04-10 12:31:27
  Total: 0m 19s
═══════════════════════════════════════════════════════════════
